<?xml version="1.0" encoding="UTF-8"?>
<testng-results ignored="28" total="31" passed="2" failed="1" skipped="0">
  <reporter-output>
  </reporter-output>
  <suite started-at="2022-10-08T20:20:32 ART" name="Suite" finished-at="2022-10-08T20:21:11 ART" duration-ms="38830">
    <groups>
      <group name="regresion">
        <method signature="AddToCartPageTest.addToCartTest()[pri:0, instance:com.mystore.testcases.AddToCartPageTest@293a5bf6]" name="addToCartTest" class="com.mystore.testcases.AddToCartPageTest"/>
      </group> <!-- regresion -->
      <group name="smoke">
        <method signature="AddToCartPageTest.addToCartTest()[pri:0, instance:com.mystore.testcases.AddToCartPageTest@293a5bf6]" name="addToCartTest" class="com.mystore.testcases.AddToCartPageTest"/>
        <method signature="LoginPageTest.loginTest(java.lang.String,java.lang.String)[pri:0, instance:com.mystore.testcases.LoginPageTest@77fbd92c]" name="loginTest" class="com.mystore.testcases.LoginPageTest"/>
      </group> <!-- smoke -->
      <group name="sanity">
        <method signature="AccountCreationPageTest.createNewAccountTest()[pri:0, instance:com.mystore.testcases.AccountCreationPageTest@6cf0e0ba]" name="createNewAccountTest" class="com.mystore.testcases.AccountCreationPageTest"/>
        <method signature="AddToCartPageTest.addToCartTest()[pri:0, instance:com.mystore.testcases.AddToCartPageTest@293a5bf6]" name="addToCartTest" class="com.mystore.testcases.AddToCartPageTest"/>
        <method signature="LoginPageTest.loginTest(java.lang.String,java.lang.String)[pri:0, instance:com.mystore.testcases.LoginPageTest@77fbd92c]" name="loginTest" class="com.mystore.testcases.LoginPageTest"/>
      </group> <!-- sanity -->
    </groups>
    <test started-at="2022-10-08T20:20:32 ART" name="Test" finished-at="2022-10-08T20:21:11 ART" duration-ms="38830">
      <class name="com.mystore.testcases.AccountCreationPageTest">
        <test-method is-config="true" signature="setUp(java.lang.String)[pri:0, instance:com.mystore.testcases.AccountCreationPageTest@6cf0e0ba]" started-at="2022-10-08T20:20:49 ART" name="setUp" finished-at="2022-10-08T20:20:54 ART" duration-ms="5811" status="PASS">
          <params>
            <param index="0">
              <value>
                <![CDATA[chrome]]>
              </value>
            </param>
          </params>
          <reporter-output>
          </reporter-output>
        </test-method> <!-- setUp -->
        <test-method signature="createNewAccountTest()[pri:0, instance:com.mystore.testcases.AccountCreationPageTest@6cf0e0ba]" started-at="2022-10-08T20:20:54 ART" name="createNewAccountTest" finished-at="2022-10-08T20:20:57 ART" duration-ms="2468" status="FAIL">
          <exception class="java.lang.AssertionError">
            <message>
              <![CDATA[expected [true] but found [false]]]>
            </message>
            <full-stacktrace>
              <![CDATA[java.lang.AssertionError: expected [true] but found [false]
at org.testng.Assert.fail(Assert.java:99)
at org.testng.Assert.failNotEquals(Assert.java:1037)
at org.testng.Assert.assertTrue(Assert.java:45)
at org.testng.Assert.assertTrue(Assert.java:55)
at com.mystore.testcases.AccountCreationPageTest.createNewAccountTest(AccountCreationPageTest.java:30)
at java.base/jdk.internal.reflect.DirectMethodHandleAccessor.invoke(DirectMethodHandleAccessor.java:104)
at java.base/java.lang.reflect.Method.invoke(Method.java:578)
at org.testng.internal.MethodInvocationHelper.invokeMethod(MethodInvocationHelper.java:133)
at org.testng.internal.TestInvoker.invokeMethod(TestInvoker.java:598)
at org.testng.internal.TestInvoker.invokeTestMethod(TestInvoker.java:173)
at org.testng.internal.MethodRunner.runInSequence(MethodRunner.java:46)
at org.testng.internal.TestInvoker$MethodInvocationAgent.invoke(TestInvoker.java:824)
at org.testng.internal.TestInvoker.invokeTestMethods(TestInvoker.java:146)
at org.testng.internal.TestMethodWorker.invokeTestMethods(TestMethodWorker.java:146)
at org.testng.internal.TestMethodWorker.run(TestMethodWorker.java:128)
at java.base/java.util.ArrayList.forEach(ArrayList.java:1511)
at org.testng.TestRunner.privateRun(TestRunner.java:794)
at org.testng.TestRunner.run(TestRunner.java:596)
at org.testng.SuiteRunner.runTest(SuiteRunner.java:377)
at org.testng.SuiteRunner.runSequentially(SuiteRunner.java:371)
at org.testng.SuiteRunner.privateRun(SuiteRunner.java:332)
at org.testng.SuiteRunner.run(SuiteRunner.java:276)
at org.testng.SuiteRunnerWorker.runSuite(SuiteRunnerWorker.java:53)
at org.testng.SuiteRunnerWorker.run(SuiteRunnerWorker.java:96)
at org.testng.TestNG.runSuitesSequentially(TestNG.java:1212)
at org.testng.TestNG.runSuitesLocally(TestNG.java:1134)
at org.testng.TestNG.runSuites(TestNG.java:1063)
at org.testng.TestNG.run(TestNG.java:1031)
at org.testng.remote.AbstractRemoteTestNG.run(AbstractRemoteTestNG.java:115)
at org.testng.remote.RemoteTestNG.initAndRun(RemoteTestNG.java:251)
at org.testng.remote.RemoteTestNG.main(RemoteTestNG.java:77)
]]>
            </full-stacktrace>
          </exception> <!-- java.lang.AssertionError -->
          <reporter-output>
          </reporter-output>
        </test-method> <!-- createNewAccountTest -->
        <test-method is-config="true" signature="tearDown()[pri:0, instance:com.mystore.testcases.AccountCreationPageTest@6cf0e0ba]" started-at="2022-10-08T20:20:57 ART" name="tearDown" finished-at="2022-10-08T20:20:57 ART" duration-ms="239" status="PASS">
          <reporter-output>
          </reporter-output>
        </test-method> <!-- tearDown -->
      </class> <!-- com.mystore.testcases.AccountCreationPageTest -->
      <class name="com.mystore.testcases.AddToCartPageTest">
        <test-method is-config="true" signature="setUp(java.lang.String)[pri:0, instance:com.mystore.testcases.AddToCartPageTest@293a5bf6]" started-at="2022-10-08T20:20:57 ART" name="setUp" finished-at="2022-10-08T20:21:03 ART" duration-ms="5606" status="PASS">
          <params>
            <param index="0">
              <value>
                <![CDATA[chrome]]>
              </value>
            </param>
          </params>
          <reporter-output>
          </reporter-output>
        </test-method> <!-- setUp -->
        <test-method signature="addToCartTest()[pri:0, instance:com.mystore.testcases.AddToCartPageTest@293a5bf6]" started-at="2022-10-08T20:21:03 ART" name="addToCartTest" finished-at="2022-10-08T20:21:10 ART" duration-ms="6765" status="PASS">
          <reporter-output>
          </reporter-output>
        </test-method> <!-- addToCartTest -->
        <test-method is-config="true" signature="tearDown()[pri:0, instance:com.mystore.testcases.AddToCartPageTest@293a5bf6]" started-at="2022-10-08T20:21:10 ART" name="tearDown" finished-at="2022-10-08T20:21:10 ART" duration-ms="312" status="PASS">
          <reporter-output>
          </reporter-output>
        </test-method> <!-- tearDown -->
      </class> <!-- com.mystore.testcases.AddToCartPageTest -->
      <class name="com.mystore.testcases.LoginPageTest">
        <test-method is-config="true" signature="readConfig()[pri:0, instance:com.mystore.testcases.LoginPageTest@77fbd92c]" started-at="2022-10-08T20:20:32 ART" name="readConfig" finished-at="2022-10-08T20:20:32 ART" duration-ms="237" status="PASS">
          <reporter-output>
          </reporter-output>
        </test-method> <!-- readConfig -->
        <test-method is-config="true" signature="reportInit()[pri:0, instance:com.mystore.testcases.LoginPageTest@77fbd92c]" started-at="2022-10-08T20:20:32 ART" name="reportInit" finished-at="2022-10-08T20:20:32 ART" duration-ms="475" status="PASS">
          <reporter-output>
          </reporter-output>
        </test-method> <!-- reportInit -->
        <test-method is-config="true" signature="setUp(java.lang.String)[pri:0, instance:com.mystore.testcases.LoginPageTest@77fbd92c]" started-at="2022-10-08T20:20:33 ART" name="setUp" finished-at="2022-10-08T20:20:43 ART" duration-ms="10010" status="PASS">
          <params>
            <param index="0">
              <value>
                <![CDATA[chrome]]>
              </value>
            </param>
          </params>
          <reporter-output>
          </reporter-output>
        </test-method> <!-- setUp -->
        <test-method signature="loginTest(java.lang.String,java.lang.String)[pri:0, instance:com.mystore.testcases.LoginPageTest@77fbd92c]" started-at="2022-10-08T20:20:43 ART" name="loginTest" data-provider="dataLogin" finished-at="2022-10-08T20:20:48 ART" duration-ms="4739" status="PASS">
          <params>
            <param index="0">
              <value>
                <![CDATA[client1@xyz.com]]>
              </value>
            </param>
            <param index="1">
              <value>
                <![CDATA[client1@xyz]]>
              </value>
            </param>
          </params>
          <reporter-output>
          </reporter-output>
        </test-method> <!-- loginTest -->
        <test-method is-config="true" signature="tearDown()[pri:0, instance:com.mystore.testcases.LoginPageTest@77fbd92c]" started-at="2022-10-08T20:20:48 ART" name="tearDown" finished-at="2022-10-08T20:20:49 ART" duration-ms="292" status="PASS">
          <reporter-output>
          </reporter-output>
        </test-method> <!-- tearDown -->
        <test-method is-config="true" signature="reportEnd()[pri:0, instance:com.mystore.testcases.LoginPageTest@77fbd92c]" started-at="2022-10-08T20:21:10 ART" name="reportEnd" finished-at="2022-10-08T20:21:11 ART" duration-ms="650" status="PASS">
          <reporter-output>
          </reporter-output>
        </test-method> <!-- reportEnd -->
      </class> <!-- com.mystore.testcases.LoginPageTest -->
    </test> <!-- Test -->
  </suite> <!-- Suite -->
</testng-results>
